[2019-08-04 04:29:09,799: INFO/MainProcess] beat: Starting...
[2019-08-04 04:29:09,822: INFO/MainProcess] Scheduler: Sending due task task1 (course-task)
[2019-08-04 04:29:14,823: INFO/MainProcess] Scheduler: Sending due task task1 (course-task)
[2019-08-04 04:29:19,823: INFO/MainProcess] Scheduler: Sending due task task1 (course-task)
[2019-08-04 04:29:24,824: INFO/MainProcess] Scheduler: Sending due task task1 (course-task)
[2019-08-04 04:29:29,824: INFO/MainProcess] Scheduler: Sending due task task1 (course-task)
[2019-08-04 04:29:34,824: INFO/MainProcess] Scheduler: Sending due task task1 (course-task)
[2019-08-04 04:29:39,824: INFO/MainProcess] Scheduler: Sending due task task1 (course-task)
[2019-08-04 04:29:44,824: INFO/MainProcess] Scheduler: Sending due task task1 (course-task)
[2019-08-04 04:29:49,825: INFO/MainProcess] Scheduler: Sending due task task1 (course-task)
[2019-08-04 04:29:54,825: INFO/MainProcess] Scheduler: Sending due task task1 (course-task)
[2019-08-04 04:29:59,825: INFO/MainProcess] Scheduler: Sending due task task1 (course-task)
[2019-08-04 04:30:04,826: INFO/MainProcess] Scheduler: Sending due task task1 (course-task)
[2019-08-04 04:30:09,826: INFO/MainProcess] Scheduler: Sending due task task1 (course-task)
[2019-08-04 04:30:14,826: INFO/MainProcess] Scheduler: Sending due task task1 (course-task)
[2019-08-04 04:30:19,826: INFO/MainProcess] Scheduler: Sending due task task1 (course-task)
[2019-08-04 04:30:24,827: INFO/MainProcess] Scheduler: Sending due task task1 (course-task)
[2019-08-04 04:30:29,827: INFO/MainProcess] Scheduler: Sending due task task1 (course-task)
[2019-08-04 04:30:34,827: INFO/MainProcess] Scheduler: Sending due task task1 (course-task)
[2019-08-04 04:30:39,827: INFO/MainProcess] Scheduler: Sending due task task1 (course-task)
[2019-08-04 04:30:44,828: INFO/MainProcess] Scheduler: Sending due task task1 (course-task)
[2019-08-04 04:30:49,828: INFO/MainProcess] Scheduler: Sending due task task1 (course-task)
[2019-08-04 04:30:54,828: INFO/MainProcess] Scheduler: Sending due task task1 (course-task)
[2019-08-04 04:30:59,828: INFO/MainProcess] Scheduler: Sending due task task1 (course-task)
[2019-08-04 04:31:04,828: INFO/MainProcess] Scheduler: Sending due task task1 (course-task)
[2019-08-04 04:31:09,829: INFO/MainProcess] Scheduler: Sending due task task1 (course-task)
[2019-08-04 04:31:14,829: INFO/MainProcess] Scheduler: Sending due task task1 (course-task)
[2019-08-04 04:31:19,829: INFO/MainProcess] Scheduler: Sending due task task1 (course-task)
[2019-08-04 04:31:24,829: INFO/MainProcess] Scheduler: Sending due task task1 (course-task)
[2019-08-04 04:31:29,829: INFO/MainProcess] Scheduler: Sending due task task1 (course-task)
[2019-08-04 04:31:34,830: INFO/MainProcess] Scheduler: Sending due task task1 (course-task)
[2019-08-04 04:31:39,830: INFO/MainProcess] Scheduler: Sending due task task1 (course-task)
[2019-08-04 04:31:44,830: INFO/MainProcess] Scheduler: Sending due task task1 (course-task)
[2019-08-04 04:31:49,830: INFO/MainProcess] Scheduler: Sending due task task1 (course-task)
celery beat v3.1.26.post2 (Cipater) is starting.
__    -    ... __   -        _
Configuration ->
    . broker -> redis://127.0.0.1:6379/1
    . loader -> djcelery.loaders.DjangoLoader
    . scheduler -> celery.beat.PersistentScheduler
    . db -> celerybeat-schedule
    . logfile -> [stderr]@%INFO
    . maxinterval -> now (0s)
[2019-08-04 04:32:19,841: INFO/MainProcess] beat: Starting...
[2019-08-04 04:32:19,882: INFO/MainProcess] Scheduler: Sending due task task1 (course-task)
[2019-08-04 04:32:24,884: INFO/MainProcess] Scheduler: Sending due task task1 (course-task)
[2019-08-04 04:32:29,884: INFO/MainProcess] Scheduler: Sending due task task1 (course-task)
[2019-08-04 04:32:34,884: INFO/MainProcess] Scheduler: Sending due task task1 (course-task)
[2019-08-04 04:32:39,884: INFO/MainProcess] Scheduler: Sending due task task1 (course-task)
[2019-08-04 04:32:44,884: INFO/MainProcess] Scheduler: Sending due task task1 (course-task)
[2019-08-04 04:32:49,886: INFO/MainProcess] Scheduler: Sending due task task1 (course-task)
[2019-08-04 04:32:54,886: INFO/MainProcess] Scheduler: Sending due task task1 (course-task)
[2019-08-04 04:32:59,886: INFO/MainProcess] Scheduler: Sending due task task1 (course-task)
[2019-08-04 04:33:04,886: INFO/MainProcess] Scheduler: Sending due task task1 (course-task)
[2019-08-04 04:33:09,887: INFO/MainProcess] Scheduler: Sending due task task1 (course-task)
[2019-08-04 04:33:14,887: INFO/MainProcess] Scheduler: Sending due task task1 (course-task)
[2019-08-04 04:33:19,887: INFO/MainProcess] Scheduler: Sending due task task1 (course-task)
[2019-08-04 04:33:24,888: INFO/MainProcess] Scheduler: Sending due task task1 (course-task)
celery beat v3.1.26.post2 (Cipater) is starting.
__    -    ... __   -        _
Configuration ->
    . broker -> redis://127.0.0.1:6379/1
    . loader -> djcelery.loaders.DjangoLoader
    . scheduler -> celery.beat.PersistentScheduler
    . db -> celerybeat-schedule
    . logfile -> [stderr]@%INFO
    . maxinterval -> now (0s)
[2019-08-04 04:33:33,570: INFO/MainProcess] beat: Starting...
[2019-08-04 04:33:33,590: INFO/MainProcess] Scheduler: Sending due task task1 (course-task)
[2019-08-04 04:33:38,590: INFO/MainProcess] Scheduler: Sending due task task1 (course-task)
[2019-08-04 04:33:43,591: INFO/MainProcess] Scheduler: Sending due task task1 (course-task)
[2019-08-04 04:33:48,591: INFO/MainProcess] Scheduler: Sending due task task1 (course-task)
[2019-08-04 04:33:53,592: INFO/MainProcess] Scheduler: Sending due task task1 (course-task)
[2019-08-04 04:33:58,592: INFO/MainProcess] Scheduler: Sending due task task1 (course-task)
[2019-08-04 04:34:03,592: INFO/MainProcess] Scheduler: Sending due task task1 (course-task)
celery beat v3.1.26.post2 (Cipater) is starting.
__    -    ... __   -        _
Configuration ->
    . broker -> redis://127.0.0.1:6379/1
    . loader -> djcelery.loaders.DjangoLoader
    . scheduler -> celery.beat.PersistentScheduler
    . db -> celerybeat-schedule
    . logfile -> [stderr]@%INFO
    . maxinterval -> now (0s)
[2019-08-04 04:34:12,008: INFO/MainProcess] beat: Starting...
[2019-08-04 04:34:12,034: INFO/MainProcess] Scheduler: Sending due task task1 (course-task)
[2019-08-04 04:34:17,035: INFO/MainProcess] Scheduler: Sending due task task1 (course-task)
[2019-08-04 04:34:22,038: INFO/MainProcess] Scheduler: Sending due task task1 (course-task)
celery beat v3.1.26.post2 (Cipater) is starting.
__    -    ... __   -        _
Configuration ->
    . broker -> redis://127.0.0.1:6379/1
    . loader -> djcelery.loaders.DjangoLoader
    . scheduler -> celery.beat.PersistentScheduler
    . db -> celerybeat-schedule
    . logfile -> [stderr]@%INFO
    . maxinterval -> now (0s)
[2019-08-04 04:34:30,177: INFO/MainProcess] beat: Starting...
[2019-08-04 04:34:30,235: INFO/MainProcess] Scheduler: Sending due task task1 (course-task)
[2019-08-04 04:34:35,245: INFO/MainProcess] Scheduler: Sending due task task1 (course-task)
[2019-08-04 04:34:40,245: INFO/MainProcess] Scheduler: Sending due task task1 (course-task)
[2019-08-04 04:34:45,245: INFO/MainProcess] Scheduler: Sending due task task1 (course-task)
[2019-08-04 04:34:50,246: INFO/MainProcess] Scheduler: Sending due task task1 (course-task)
[2019-08-04 04:34:55,246: INFO/MainProcess] Scheduler: Sending due task task1 (course-task)
celery beat v3.1.26.post2 (Cipater) is starting.
__    -    ... __   -        _
Configuration ->
    . broker -> redis://127.0.0.1:6379/1
    . loader -> djcelery.loaders.DjangoLoader
    . scheduler -> celery.beat.PersistentScheduler
    . db -> celerybeat-schedule
    . logfile -> [stderr]@%INFO
    . maxinterval -> now (0s)
[2019-08-04 04:36:50,343: INFO/MainProcess] beat: Starting...
[2019-08-04 04:36:50,393: INFO/MainProcess] Scheduler: Sending due task task1 (course-task)
[2019-08-04 04:36:55,400: INFO/MainProcess] Scheduler: Sending due task task1 (course-task)
[2019-08-04 04:37:00,401: INFO/MainProcess] Scheduler: Sending due task task1 (course-task)
[2019-08-04 04:37:05,401: INFO/MainProcess] Scheduler: Sending due task task1 (course-task)
[2019-08-04 04:37:10,413: INFO/MainProcess] Scheduler: Sending due task task1 (course-task)
[2019-08-04 04:37:15,413: INFO/MainProcess] Scheduler: Sending due task task1 (course-task)
[2019-08-04 04:37:20,417: INFO/MainProcess] Scheduler: Sending due task task1 (course-task)
[2019-08-04 04:37:25,418: INFO/MainProcess] Scheduler: Sending due task task1 (course-task)
[2019-08-04 04:37:30,418: INFO/MainProcess] Scheduler: Sending due task task1 (course-task)
[2019-08-04 04:37:35,418: INFO/MainProcess] Scheduler: Sending due task task1 (course-task)
[2019-08-04 04:37:40,427: INFO/MainProcess] Scheduler: Sending due task task1 (course-task)
[2019-08-04 04:37:45,472: INFO/MainProcess] Scheduler: Sending due task task1 (course-task)
[2019-08-04 04:37:50,472: INFO/MainProcess] Scheduler: Sending due task task1 (course-task)
[2019-08-04 04:37:55,472: INFO/MainProcess] Scheduler: Sending due task task1 (course-task)
[2019-08-04 04:38:00,473: INFO/MainProcess] Scheduler: Sending due task task1 (course-task)
[2019-08-04 04:38:05,473: INFO/MainProcess] Scheduler: Sending due task task1 (course-task)
[2019-08-04 04:38:10,473: INFO/MainProcess] Scheduler: Sending due task task1 (course-task)
[2019-08-04 04:38:15,474: INFO/MainProcess] Scheduler: Sending due task task1 (course-task)
[2019-08-04 04:38:20,474: INFO/MainProcess] Scheduler: Sending due task task1 (course-task)
[2019-08-04 04:38:25,474: INFO/MainProcess] Scheduler: Sending due task task1 (course-task)
[2019-08-04 04:38:30,474: INFO/MainProcess] Scheduler: Sending due task task1 (course-task)
[2019-08-04 04:38:35,475: INFO/MainProcess] Scheduler: Sending due task task1 (course-task)
[2019-08-04 04:38:40,475: INFO/MainProcess] Scheduler: Sending due task task1 (course-task)
[2019-08-04 04:38:45,475: INFO/MainProcess] Scheduler: Sending due task task1 (course-task)
[2019-08-04 04:38:50,475: INFO/MainProcess] Scheduler: Sending due task task1 (course-task)
[2019-08-04 04:38:55,475: INFO/MainProcess] Scheduler: Sending due task task1 (course-task)
[2019-08-04 04:39:00,476: INFO/MainProcess] Scheduler: Sending due task task1 (course-task)
[2019-08-04 04:39:05,476: INFO/MainProcess] Scheduler: Sending due task task1 (course-task)
[2019-08-04 04:39:10,476: INFO/MainProcess] Scheduler: Sending due task task1 (course-task)
[2019-08-04 04:39:15,477: INFO/MainProcess] Scheduler: Sending due task task1 (course-task)
[2019-08-04 04:39:20,477: INFO/MainProcess] Scheduler: Sending due task task1 (course-task)
[2019-08-04 04:39:25,477: INFO/MainProcess] Scheduler: Sending due task task1 (course-task)
[2019-08-04 04:39:30,477: INFO/MainProcess] Scheduler: Sending due task task1 (course-task)
[2019-08-04 04:39:35,478: INFO/MainProcess] Scheduler: Sending due task task1 (course-task)
[2019-08-04 04:39:40,478: INFO/MainProcess] Scheduler: Sending due task task1 (course-task)
[2019-08-04 04:39:45,478: INFO/MainProcess] Scheduler: Sending due task task1 (course-task)
celery beat v3.1.26.post2 (Cipater) is starting.
__    -    ... __   -        _
Configuration ->
    . broker -> redis://127.0.0.1:6379/1
    . loader -> djcelery.loaders.DjangoLoader
    . scheduler -> celery.beat.PersistentScheduler
    . db -> celerybeat-schedule
    . logfile -> [stderr]@%INFO
    . maxinterval -> now (0s)
[2019-08-04 05:22:50,483: INFO/MainProcess] beat: Starting...
[2019-08-04 05:22:50,529: INFO/MainProcess] Scheduler: Sending due task task1 (course-task)
[2019-08-04 05:22:55,578: INFO/MainProcess] Scheduler: Sending due task task1 (course-task)
[2019-08-04 05:23:00,579: INFO/MainProcess] Scheduler: Sending due task task1 (course-task)
[2019-08-04 05:23:05,579: INFO/MainProcess] Scheduler: Sending due task task1 (course-task)
[2019-08-04 05:23:10,579: INFO/MainProcess] Scheduler: Sending due task task1 (course-task)
[2019-08-04 05:23:15,579: INFO/MainProcess] Scheduler: Sending due task task1 (course-task)
[2019-08-04 05:23:20,580: INFO/MainProcess] Scheduler: Sending due task task1 (course-task)
[2019-08-04 05:23:25,580: INFO/MainProcess] Scheduler: Sending due task task1 (course-task)
[2019-08-04 05:23:30,580: INFO/MainProcess] Scheduler: Sending due task task1 (course-task)
[2019-08-04 05:23:35,581: INFO/MainProcess] Scheduler: Sending due task task1 (course-task)
[2019-08-04 05:23:40,581: INFO/MainProcess] Scheduler: Sending due task task1 (course-task)
[2019-08-04 05:23:45,581: INFO/MainProcess] Scheduler: Sending due task task1 (course-task)
[2019-08-04 05:23:50,581: INFO/MainProcess] Scheduler: Sending due task task1 (course-task)
[2019-08-04 05:23:55,587: INFO/MainProcess] Scheduler: Sending due task task1 (course-task)
[2019-08-04 05:24:00,587: INFO/MainProcess] Scheduler: Sending due task task1 (course-task)
[2019-08-04 05:24:05,587: INFO/MainProcess] Scheduler: Sending due task task1 (course-task)
[2019-08-04 05:24:10,589: INFO/MainProcess] Scheduler: Sending due task task1 (course-task)
[2019-08-04 05:24:15,590: INFO/MainProcess] Scheduler: Sending due task task1 (course-task)
[2019-08-04 05:24:20,592: INFO/MainProcess] Scheduler: Sending due task task1 (course-task)
[2019-08-04 05:24:25,594: INFO/MainProcess] Scheduler: Sending due task task1 (course-task)
[2019-08-04 05:24:30,594: INFO/MainProcess] Scheduler: Sending due task task1 (course-task)
[2019-08-04 05:24:35,594: INFO/MainProcess] Scheduler: Sending due task task1 (course-task)
[2019-08-04 05:24:40,595: INFO/MainProcess] Scheduler: Sending due task task1 (course-task)
[2019-08-04 05:24:45,595: INFO/MainProcess] Scheduler: Sending due task task1 (course-task)
[2019-08-04 05:24:50,595: INFO/MainProcess] Scheduler: Sending due task task1 (course-task)
[2019-08-04 05:24:55,595: INFO/MainProcess] Scheduler: Sending due task task1 (course-task)
[2019-08-04 05:25:00,596: INFO/MainProcess] Scheduler: Sending due task task1 (course-task)
[2019-08-04 05:25:05,596: INFO/MainProcess] Scheduler: Sending due task task1 (course-task)
[2019-08-04 05:25:10,596: INFO/MainProcess] Scheduler: Sending due task task1 (course-task)
[2019-08-04 05:25:15,596: INFO/MainProcess] Scheduler: Sending due task task1 (course-task)
[2019-08-04 05:25:20,596: INFO/MainProcess] Scheduler: Sending due task task1 (course-task)
[2019-08-04 05:25:25,597: INFO/MainProcess] Scheduler: Sending due task task1 (course-task)
[2019-08-04 05:25:30,597: INFO/MainProcess] Scheduler: Sending due task task1 (course-task)
[2019-08-04 05:25:35,597: INFO/MainProcess] Scheduler: Sending due task task1 (course-task)
[2019-08-04 05:25:40,597: INFO/MainProcess] Scheduler: Sending due task task1 (course-task)
[2019-08-04 05:25:45,598: INFO/MainProcess] Scheduler: Sending due task task1 (course-task)
[2019-08-04 05:25:50,598: INFO/MainProcess] Scheduler: Sending due task task1 (course-task)
[2019-08-04 05:25:55,598: INFO/MainProcess] Scheduler: Sending due task task1 (course-task)
celery beat v3.1.26.post2 (Cipater) is starting.
__    -    ... __   -        _
Configuration ->
    . broker -> redis://127.0.0.1:6379/1
    . loader -> djcelery.loaders.DjangoLoader
    . scheduler -> celery.beat.PersistentScheduler
    . db -> celerybeat-schedule
    . logfile -> [stderr]@%INFO
    . maxinterval -> now (0s)
[2019-08-04 05:26:04,603: INFO/MainProcess] beat: Starting...
[2019-08-04 05:26:04,632: INFO/MainProcess] Scheduler: Sending due task task1 (course-task)
[2019-08-04 05:26:09,636: INFO/MainProcess] Scheduler: Sending due task task1 (course-task)
[2019-08-04 05:26:14,636: INFO/MainProcess] Scheduler: Sending due task task1 (course-task)
[2019-08-04 05:26:19,636: INFO/MainProcess] Scheduler: Sending due task task1 (course-task)
[2019-08-04 05:26:24,637: INFO/MainProcess] Scheduler: Sending due task task1 (course-task)
[2019-08-04 05:26:29,637: INFO/MainProcess] Scheduler: Sending due task task1 (course-task)
[2019-08-04 05:26:34,637: INFO/MainProcess] Scheduler: Sending due task task1 (course-task)
[2019-08-04 05:26:39,637: INFO/MainProcess] Scheduler: Sending due task task1 (course-task)
[2019-08-04 05:26:44,638: INFO/MainProcess] Scheduler: Sending due task task1 (course-task)
[2019-08-04 05:26:49,638: INFO/MainProcess] Scheduler: Sending due task task1 (course-task)
[2019-08-04 05:26:54,638: INFO/MainProcess] Scheduler: Sending due task task1 (course-task)
[2019-08-04 05:26:59,638: INFO/MainProcess] Scheduler: Sending due task task1 (course-task)
[2019-08-04 05:27:04,638: INFO/MainProcess] Scheduler: Sending due task task1 (course-task)
[2019-08-04 05:27:09,639: INFO/MainProcess] Scheduler: Sending due task task1 (course-task)
[2019-08-04 05:27:14,639: INFO/MainProcess] Scheduler: Sending due task task1 (course-task)
[2019-08-04 05:27:19,639: INFO/MainProcess] Scheduler: Sending due task task1 (course-task)
[2019-08-04 05:27:24,639: INFO/MainProcess] Scheduler: Sending due task task1 (course-task)
[2019-08-04 05:27:29,639: INFO/MainProcess] Scheduler: Sending due task task1 (course-task)
[2019-08-04 05:27:34,640: INFO/MainProcess] Scheduler: Sending due task task1 (course-task)
[2019-08-04 05:27:39,640: INFO/MainProcess] Scheduler: Sending due task task1 (course-task)
[2019-08-04 05:27:44,640: INFO/MainProcess] Scheduler: Sending due task task1 (course-task)
[2019-08-04 05:27:49,641: INFO/MainProcess] Scheduler: Sending due task task1 (course-task)
[2019-08-04 05:27:54,641: INFO/MainProcess] Scheduler: Sending due task task1 (course-task)
[2019-08-04 05:27:59,641: INFO/MainProcess] Scheduler: Sending due task task1 (course-task)
[2019-08-04 05:28:04,641: INFO/MainProcess] Scheduler: Sending due task task1 (course-task)
[2019-08-04 05:28:09,642: INFO/MainProcess] Scheduler: Sending due task task1 (course-task)
[2019-08-04 05:28:14,642: INFO/MainProcess] Scheduler: Sending due task task1 (course-task)
[2019-08-04 05:28:19,642: INFO/MainProcess] Scheduler: Sending due task task1 (course-task)
[2019-08-04 05:28:24,642: INFO/MainProcess] Scheduler: Sending due task task1 (course-task)
[2019-08-04 05:28:29,643: INFO/MainProcess] Scheduler: Sending due task task1 (course-task)
[2019-08-04 05:28:34,643: INFO/MainProcess] Scheduler: Sending due task task1 (course-task)
[2019-08-04 05:28:39,643: INFO/MainProcess] Scheduler: Sending due task task1 (course-task)
[2019-08-04 05:28:44,643: INFO/MainProcess] Scheduler: Sending due task task1 (course-task)
[2019-08-04 05:28:49,644: INFO/MainProcess] Scheduler: Sending due task task1 (course-task)
[2019-08-04 05:28:54,644: INFO/MainProcess] Scheduler: Sending due task task1 (course-task)
[2019-08-04 05:28:59,645: INFO/MainProcess] Scheduler: Sending due task task1 (course-task)
[2019-08-04 05:29:04,646: INFO/MainProcess] Scheduler: Sending due task task1 (course-task)
[2019-08-04 05:29:09,646: INFO/MainProcess] Scheduler: Sending due task task1 (course-task)
[2019-08-04 05:29:14,646: INFO/MainProcess] Scheduler: Sending due task task1 (course-task)
[2019-08-04 05:29:19,647: INFO/MainProcess] Scheduler: Sending due task task1 (course-task)
[2019-08-04 05:29:24,647: INFO/MainProcess] Scheduler: Sending due task task1 (course-task)
[2019-08-04 05:29:29,647: INFO/MainProcess] Scheduler: Sending due task task1 (course-task)
[2019-08-04 05:29:34,647: INFO/MainProcess] Scheduler: Sending due task task1 (course-task)
[2019-08-04 05:29:39,648: INFO/MainProcess] Scheduler: Sending due task task1 (course-task)
[2019-08-04 05:29:44,648: INFO/MainProcess] Scheduler: Sending due task task1 (course-task)
[2019-08-04 05:29:49,648: INFO/MainProcess] Scheduler: Sending due task task1 (course-task)
[2019-08-04 05:29:54,648: INFO/MainProcess] Scheduler: Sending due task task1 (course-task)
[2019-08-04 05:29:59,648: INFO/MainProcess] Scheduler: Sending due task task1 (course-task)
[2019-08-04 05:30:04,649: INFO/MainProcess] Scheduler: Sending due task task1 (course-task)
[2019-08-04 05:30:09,649: INFO/MainProcess] Scheduler: Sending due task task1 (course-task)
[2019-08-04 05:30:14,649: INFO/MainProcess] Scheduler: Sending due task task1 (course-task)
[2019-08-04 05:30:19,649: INFO/MainProcess] Scheduler: Sending due task task1 (course-task)
[2019-08-04 05:30:24,650: INFO/MainProcess] Scheduler: Sending due task task1 (course-task)
[2019-08-04 05:30:29,650: INFO/MainProcess] Scheduler: Sending due task task1 (course-task)
[2019-08-04 05:30:34,650: INFO/MainProcess] Scheduler: Sending due task task1 (course-task)
[2019-08-04 05:30:39,650: INFO/MainProcess] Scheduler: Sending due task task1 (course-task)
[2019-08-04 05:30:44,651: INFO/MainProcess] Scheduler: Sending due task task1 (course-task)
[2019-08-04 05:30:49,651: INFO/MainProcess] Scheduler: Sending due task task1 (course-task)
[2019-08-04 05:30:54,652: INFO/MainProcess] Scheduler: Sending due task task1 (course-task)
[2019-08-04 05:30:59,703: INFO/MainProcess] Scheduler: Sending due task task1 (course-task)
[2019-08-04 05:31:04,714: INFO/MainProcess] Scheduler: Sending due task task1 (course-task)
[2019-08-04 05:31:09,714: INFO/MainProcess] Scheduler: Sending due task task1 (course-task)
[2019-08-04 05:31:14,714: INFO/MainProcess] Scheduler: Sending due task task1 (course-task)
[2019-08-04 05:31:19,715: INFO/MainProcess] Scheduler: Sending due task task1 (course-task)
[2019-08-04 05:31:24,715: INFO/MainProcess] Scheduler: Sending due task task1 (course-task)
[2019-08-04 05:31:29,715: INFO/MainProcess] Scheduler: Sending due task task1 (course-task)
[2019-08-04 05:31:34,715: INFO/MainProcess] Scheduler: Sending due task task1 (course-task)
[2019-08-04 05:31:39,715: INFO/MainProcess] Scheduler: Sending due task task1 (course-task)
[2019-08-04 05:31:44,716: INFO/MainProcess] Scheduler: Sending due task task1 (course-task)
[2019-08-04 05:31:49,716: INFO/MainProcess] Scheduler: Sending due task task1 (course-task)
[2019-08-04 05:31:54,716: INFO/MainProcess] Scheduler: Sending due task task1 (course-task)
[2019-08-04 05:31:59,716: INFO/MainProcess] Scheduler: Sending due task task1 (course-task)
[2019-08-04 05:32:04,716: INFO/MainProcess] Scheduler: Sending due task task1 (course-task)
[2019-08-04 05:32:09,718: INFO/MainProcess] Scheduler: Sending due task task1 (course-task)
[2019-08-04 05:32:14,718: INFO/MainProcess] Scheduler: Sending due task task1 (course-task)
[2019-08-04 05:32:19,719: INFO/MainProcess] Scheduler: Sending due task task1 (course-task)
[2019-08-04 05:32:24,719: INFO/MainProcess] Scheduler: Sending due task task1 (course-task)
[2019-08-04 05:32:29,719: INFO/MainProcess] Scheduler: Sending due task task1 (course-task)
[2019-08-04 05:32:34,720: INFO/MainProcess] Scheduler: Sending due task task1 (course-task)
[2019-08-04 05:32:39,720: INFO/MainProcess] Scheduler: Sending due task task1 (course-task)
[2019-08-04 05:32:44,720: INFO/MainProcess] Scheduler: Sending due task task1 (course-task)
[2019-08-04 05:32:49,720: INFO/MainProcess] Scheduler: Sending due task task1 (course-task)
[2019-08-04 05:32:54,721: INFO/MainProcess] Scheduler: Sending due task task1 (course-task)
[2019-08-04 05:32:59,721: INFO/MainProcess] Scheduler: Sending due task task1 (course-task)
[2019-08-04 05:33:04,721: INFO/MainProcess] Scheduler: Sending due task task1 (course-task)
[2019-08-04 05:33:09,721: INFO/MainProcess] Scheduler: Sending due task task1 (course-task)
[2019-08-04 05:33:14,722: INFO/MainProcess] Scheduler: Sending due task task1 (course-task)
[2019-08-04 05:33:19,726: INFO/MainProcess] Scheduler: Sending due task task1 (course-task)
[2019-08-04 05:33:24,727: INFO/MainProcess] Scheduler: Sending due task task1 (course-task)
[2019-08-04 05:33:29,727: INFO/MainProcess] Scheduler: Sending due task task1 (course-task)
[2019-08-04 05:33:34,728: INFO/MainProcess] Scheduler: Sending due task task1 (course-task)
[2019-08-04 05:33:39,728: INFO/MainProcess] Scheduler: Sending due task task1 (course-task)
[2019-08-04 05:33:44,729: INFO/MainProcess] Scheduler: Sending due task task1 (course-task)
[2019-08-04 05:33:49,729: INFO/MainProcess] Scheduler: Sending due task task1 (course-task)
[2019-08-04 05:33:54,730: INFO/MainProcess] Scheduler: Sending due task task1 (course-task)
[2019-08-04 05:33:59,731: INFO/MainProcess] Scheduler: Sending due task task1 (course-task)
[2019-08-04 05:34:04,731: INFO/MainProcess] Scheduler: Sending due task task1 (course-task)
[2019-08-04 05:34:09,731: INFO/MainProcess] Scheduler: Sending due task task1 (course-task)
[2019-08-04 05:34:14,732: INFO/MainProcess] Scheduler: Sending due task task1 (course-task)
[2019-08-04 05:34:19,732: INFO/MainProcess] Scheduler: Sending due task task1 (course-task)
[2019-08-04 05:34:24,732: INFO/MainProcess] Scheduler: Sending due task task1 (course-task)
[2019-08-04 05:34:29,732: INFO/MainProcess] Scheduler: Sending due task task1 (course-task)
[2019-08-04 05:34:34,733: INFO/MainProcess] Scheduler: Sending due task task1 (course-task)
[2019-08-04 05:34:39,733: INFO/MainProcess] Scheduler: Sending due task task1 (course-task)
[2019-08-04 05:34:44,734: INFO/MainProcess] Scheduler: Sending due task task1 (course-task)
[2019-08-04 05:34:49,735: INFO/MainProcess] Scheduler: Sending due task task1 (course-task)
[2019-08-04 05:34:54,735: INFO/MainProcess] Scheduler: Sending due task task1 (course-task)
[2019-08-04 05:34:59,735: INFO/MainProcess] Scheduler: Sending due task task1 (course-task)
[2019-08-04 05:35:04,735: INFO/MainProcess] Scheduler: Sending due task task1 (course-task)
[2019-08-04 05:35:09,736: INFO/MainProcess] Scheduler: Sending due task task1 (course-task)
[2019-08-04 05:35:14,736: INFO/MainProcess] Scheduler: Sending due task task1 (course-task)
[2019-08-04 05:35:19,736: INFO/MainProcess] Scheduler: Sending due task task1 (course-task)
[2019-08-04 05:35:24,736: INFO/MainProcess] Scheduler: Sending due task task1 (course-task)
[2019-08-04 05:35:29,737: INFO/MainProcess] Scheduler: Sending due task task1 (course-task)
[2019-08-04 05:35:34,737: INFO/MainProcess] Scheduler: Sending due task task1 (course-task)
[2019-08-04 05:35:39,737: INFO/MainProcess] Scheduler: Sending due task task1 (course-task)
[2019-08-04 05:35:44,737: INFO/MainProcess] Scheduler: Sending due task task1 (course-task)
[2019-08-04 05:35:49,738: INFO/MainProcess] Scheduler: Sending due task task1 (course-task)
[2019-08-04 05:35:54,738: INFO/MainProcess] Scheduler: Sending due task task1 (course-task)
[2019-08-04 05:35:59,738: INFO/MainProcess] Scheduler: Sending due task task1 (course-task)
[2019-08-04 05:36:04,738: INFO/MainProcess] Scheduler: Sending due task task1 (course-task)
[2019-08-04 05:36:09,739: INFO/MainProcess] Scheduler: Sending due task task1 (course-task)
[2019-08-04 05:36:14,740: INFO/MainProcess] Scheduler: Sending due task task1 (course-task)
[2019-08-04 05:36:19,740: INFO/MainProcess] Scheduler: Sending due task task1 (course-task)
[2019-08-04 05:36:24,740: INFO/MainProcess] Scheduler: Sending due task task1 (course-task)
[2019-08-04 05:36:29,740: INFO/MainProcess] Scheduler: Sending due task task1 (course-task)
[2019-08-04 05:36:34,741: INFO/MainProcess] Scheduler: Sending due task task1 (course-task)
[2019-08-04 05:36:39,741: INFO/MainProcess] Scheduler: Sending due task task1 (course-task)
[2019-08-04 05:36:44,741: INFO/MainProcess] Scheduler: Sending due task task1 (course-task)
[2019-08-04 05:36:49,743: INFO/MainProcess] Scheduler: Sending due task task1 (course-task)
[2019-08-04 05:36:54,745: INFO/MainProcess] Scheduler: Sending due task task1 (course-task)
[2019-08-04 05:36:59,745: INFO/MainProcess] Scheduler: Sending due task task1 (course-task)
[2019-08-04 05:37:04,746: INFO/MainProcess] Scheduler: Sending due task task1 (course-task)
[2019-08-04 05:37:09,750: INFO/MainProcess] Scheduler: Sending due task task1 (course-task)
[2019-08-04 05:37:14,751: INFO/MainProcess] Scheduler: Sending due task task1 (course-task)
[2019-08-04 05:37:19,751: INFO/MainProcess] Scheduler: Sending due task task1 (course-task)
celery beat v3.1.26.post2 (Cipater) is starting.
__    -    ... __   -        _
Configuration ->
    . broker -> redis://127.0.0.1:6379/1
    . loader -> djcelery.loaders.DjangoLoader
    . scheduler -> celery.beat.PersistentScheduler
    . db -> celerybeat-schedule
    . logfile -> [stderr]@%INFO
    . maxinterval -> now (0s)
[2019-08-04 05:56:48,607: INFO/MainProcess] beat: Starting...
[2019-08-04 05:56:48,634: INFO/MainProcess] Scheduler: Sending due task task1 (course-task)
[2019-08-04 05:56:53,636: INFO/MainProcess] Scheduler: Sending due task task1 (course-task)
[2019-08-04 05:56:58,637: INFO/MainProcess] Scheduler: Sending due task task1 (course-task)
[2019-08-04 05:57:03,637: INFO/MainProcess] Scheduler: Sending due task task1 (course-task)
[2019-08-04 05:57:08,637: INFO/MainProcess] Scheduler: Sending due task task1 (course-task)
[2019-08-04 05:57:13,637: INFO/MainProcess] Scheduler: Sending due task task1 (course-task)
[2019-08-04 05:57:18,637: INFO/MainProcess] Scheduler: Sending due task task1 (course-task)
[2019-08-04 05:57:23,638: INFO/MainProcess] Scheduler: Sending due task task1 (course-task)
[2019-08-04 05:57:28,638: INFO/MainProcess] Scheduler: Sending due task task1 (course-task)
[2019-08-04 05:57:33,638: INFO/MainProcess] Scheduler: Sending due task task1 (course-task)
[2019-08-04 05:57:38,638: INFO/MainProcess] Scheduler: Sending due task task1 (course-task)
[2019-08-04 05:57:43,639: INFO/MainProcess] Scheduler: Sending due task task1 (course-task)
celery beat v3.1.26.post2 (Cipater) is starting.
__    -    ... __   -        _
Configuration ->
    . broker -> redis://127.0.0.1:6379/1
    . loader -> djcelery.loaders.DjangoLoader
    . scheduler -> celery.beat.PersistentScheduler
    . db -> celerybeat-schedule
    . logfile -> [stderr]@%INFO
    . maxinterval -> now (0s)
[2019-08-04 05:57:52,896: INFO/MainProcess] beat: Starting...
[2019-08-04 05:57:52,935: INFO/MainProcess] Scheduler: Sending due task task1 (course-task)
[2019-08-04 05:57:57,937: INFO/MainProcess] Scheduler: Sending due task task1 (course-task)
[2019-08-04 05:58:02,937: INFO/MainProcess] Scheduler: Sending due task task1 (course-task)
[2019-08-04 05:58:07,937: INFO/MainProcess] Scheduler: Sending due task task1 (course-task)
[2019-08-04 05:58:12,938: INFO/MainProcess] Scheduler: Sending due task task1 (course-task)
[2019-08-04 05:58:17,938: INFO/MainProcess] Scheduler: Sending due task task1 (course-task)
[2019-08-04 05:58:22,938: INFO/MainProcess] Scheduler: Sending due task task1 (course-task)
[2019-08-04 05:58:27,938: INFO/MainProcess] Scheduler: Sending due task task1 (course-task)
[2019-08-04 05:58:32,941: INFO/MainProcess] Scheduler: Sending due task task1 (course-task)
[2019-08-04 05:58:37,942: INFO/MainProcess] Scheduler: Sending due task task1 (course-task)
[2019-08-04 05:58:42,943: INFO/MainProcess] Scheduler: Sending due task task1 (course-task)
[2019-08-04 05:58:47,944: INFO/MainProcess] Scheduler: Sending due task task1 (course-task)
[2019-08-04 05:58:52,944: INFO/MainProcess] Scheduler: Sending due task task1 (course-task)
[2019-08-04 05:58:57,945: INFO/MainProcess] Scheduler: Sending due task task1 (course-task)
[2019-08-04 05:59:02,945: INFO/MainProcess] Scheduler: Sending due task task1 (course-task)
[2019-08-04 05:59:07,945: INFO/MainProcess] Scheduler: Sending due task task1 (course-task)
[2019-08-04 05:59:12,945: INFO/MainProcess] Scheduler: Sending due task task1 (course-task)
[2019-08-04 05:59:17,946: INFO/MainProcess] Scheduler: Sending due task task1 (course-task)
[2019-08-04 05:59:22,946: INFO/MainProcess] Scheduler: Sending due task task1 (course-task)
[2019-08-04 05:59:27,946: INFO/MainProcess] Scheduler: Sending due task task1 (course-task)
[2019-08-04 05:59:32,947: INFO/MainProcess] Scheduler: Sending due task task1 (course-task)
[2019-08-04 05:59:37,947: INFO/MainProcess] Scheduler: Sending due task task1 (course-task)
[2019-08-04 05:59:42,947: INFO/MainProcess] Scheduler: Sending due task task1 (course-task)
[2019-08-04 05:59:47,948: INFO/MainProcess] Scheduler: Sending due task task1 (course-task)
[2019-08-04 05:59:52,948: INFO/MainProcess] Scheduler: Sending due task task1 (course-task)
[2019-08-04 05:59:57,948: INFO/MainProcess] Scheduler: Sending due task task1 (course-task)
[2019-08-04 06:00:02,951: INFO/MainProcess] Scheduler: Sending due task task1 (course-task)
[2019-08-04 06:00:07,951: INFO/MainProcess] Scheduler: Sending due task task1 (course-task)
[2019-08-04 06:00:12,951: INFO/MainProcess] Scheduler: Sending due task task1 (course-task)
[2019-08-04 06:00:17,952: INFO/MainProcess] Scheduler: Sending due task task1 (course-task)
[2019-08-04 06:00:22,952: INFO/MainProcess] Scheduler: Sending due task task1 (course-task)
[2019-08-04 06:00:27,953: INFO/MainProcess] Scheduler: Sending due task task1 (course-task)
[2019-08-04 06:00:32,953: INFO/MainProcess] Scheduler: Sending due task task1 (course-task)
[2019-08-04 06:00:37,953: INFO/MainProcess] Scheduler: Sending due task task1 (course-task)
[2019-08-04 06:00:42,953: INFO/MainProcess] Scheduler: Sending due task task1 (course-task)
[2019-08-04 06:00:47,953: INFO/MainProcess] Scheduler: Sending due task task1 (course-task)
[2019-08-04 06:00:52,954: INFO/MainProcess] Scheduler: Sending due task task1 (course-task)
[2019-08-04 06:00:57,954: INFO/MainProcess] Scheduler: Sending due task task1 (course-task)
[2019-08-04 06:01:02,954: INFO/MainProcess] Scheduler: Sending due task task1 (course-task)
[2019-08-04 06:01:07,954: INFO/MainProcess] Scheduler: Sending due task task1 (course-task)
[2019-08-04 06:01:12,954: INFO/MainProcess] Scheduler: Sending due task task1 (course-task)
[2019-08-04 06:01:17,955: INFO/MainProcess] Scheduler: Sending due task task1 (course-task)
[2019-08-04 06:01:22,955: INFO/MainProcess] Scheduler: Sending due task task1 (course-task)
[2019-08-04 06:01:27,955: INFO/MainProcess] Scheduler: Sending due task task1 (course-task)
[2019-08-04 06:01:32,955: INFO/MainProcess] Scheduler: Sending due task task1 (course-task)
[2019-08-04 06:01:37,956: INFO/MainProcess] Scheduler: Sending due task task1 (course-task)
[2019-08-04 06:01:42,956: INFO/MainProcess] Scheduler: Sending due task task1 (course-task)
[2019-08-04 06:01:47,956: INFO/MainProcess] Scheduler: Sending due task task1 (course-task)
[2019-08-04 06:01:52,957: INFO/MainProcess] Scheduler: Sending due task task1 (course-task)
[2019-08-04 06:01:57,958: INFO/MainProcess] Scheduler: Sending due task task1 (course-task)
[2019-08-04 06:02:02,958: INFO/MainProcess] Scheduler: Sending due task task1 (course-task)
[2019-08-04 06:02:07,958: INFO/MainProcess] Scheduler: Sending due task task1 (course-task)
[2019-08-04 06:02:12,958: INFO/MainProcess] Scheduler: Sending due task task1 (course-task)
[2019-08-04 06:02:17,959: INFO/MainProcess] Scheduler: Sending due task task1 (course-task)
[2019-08-04 06:02:22,959: INFO/MainProcess] Scheduler: Sending due task task1 (course-task)
[2019-08-04 06:02:27,959: INFO/MainProcess] Scheduler: Sending due task task1 (course-task)
[2019-08-04 06:02:32,959: INFO/MainProcess] Scheduler: Sending due task task1 (course-task)
[2019-08-04 06:02:37,960: INFO/MainProcess] Scheduler: Sending due task task1 (course-task)
[2019-08-04 06:02:42,960: INFO/MainProcess] Scheduler: Sending due task task1 (course-task)
[2019-08-04 06:02:47,960: INFO/MainProcess] Scheduler: Sending due task task1 (course-task)
[2019-08-04 06:02:52,960: INFO/MainProcess] Scheduler: Sending due task task1 (course-task)
celery beat v3.1.26.post2 (Cipater) is starting.
__    -    ... __   -        _
Configuration ->
    . broker -> redis://127.0.0.1:6379/1
    . loader -> djcelery.loaders.DjangoLoader
    . scheduler -> celery.beat.PersistentScheduler
    . db -> celerybeat-schedule
    . logfile -> [stderr]@%INFO
    . maxinterval -> now (0s)
[2019-08-04 06:02:56,691: INFO/MainProcess] beat: Starting...
[2019-08-04 06:02:57,961: INFO/MainProcess] Scheduler: Sending due task task1 (course-task)
[2019-08-04 06:03:02,991: INFO/MainProcess] Scheduler: Sending due task task1 (course-task)
[2019-08-04 06:03:07,991: INFO/MainProcess] Scheduler: Sending due task task1 (course-task)
[2019-08-04 06:03:12,991: INFO/MainProcess] Scheduler: Sending due task task1 (course-task)
[2019-08-04 06:03:17,991: INFO/MainProcess] Scheduler: Sending due task task1 (course-task)
[2019-08-04 06:03:22,992: INFO/MainProcess] Scheduler: Sending due task task1 (course-task)
[2019-08-04 06:03:27,992: INFO/MainProcess] Scheduler: Sending due task task1 (course-task)
[2019-08-04 06:03:32,992: INFO/MainProcess] Scheduler: Sending due task task1 (course-task)
[2019-08-04 06:03:37,992: INFO/MainProcess] Scheduler: Sending due task task1 (course-task)
[2019-08-04 06:03:42,993: INFO/MainProcess] Scheduler: Sending due task task1 (course-task)
[2019-08-04 06:03:47,995: INFO/MainProcess] Scheduler: Sending due task task1 (course-task)
[2019-08-04 06:03:52,995: INFO/MainProcess] Scheduler: Sending due task task1 (course-task)
[2019-08-04 06:03:57,995: INFO/MainProcess] Scheduler: Sending due task task1 (course-task)
[2019-08-04 06:04:02,995: INFO/MainProcess] Scheduler: Sending due task task1 (course-task)
[2019-08-04 06:04:07,996: INFO/MainProcess] Scheduler: Sending due task task1 (course-task)
[2019-08-04 06:04:12,996: INFO/MainProcess] Scheduler: Sending due task task1 (course-task)
[2019-08-04 06:04:17,996: INFO/MainProcess] Scheduler: Sending due task task1 (course-task)
[2019-08-04 06:04:22,996: INFO/MainProcess] Scheduler: Sending due task task1 (course-task)
[2019-08-04 06:04:27,997: INFO/MainProcess] Scheduler: Sending due task task1 (course-task)
[2019-08-04 06:04:33,000: INFO/MainProcess] Scheduler: Sending due task task1 (course-task)
[2019-08-04 06:04:38,000: INFO/MainProcess] Scheduler: Sending due task task1 (course-task)
[2019-08-04 06:04:43,002: INFO/MainProcess] Scheduler: Sending due task task1 (course-task)
[2019-08-04 06:04:48,002: INFO/MainProcess] Scheduler: Sending due task task1 (course-task)
[2019-08-04 06:04:53,003: INFO/MainProcess] Scheduler: Sending due task task1 (course-task)
[2019-08-04 06:04:58,003: INFO/MainProcess] Scheduler: Sending due task task1 (course-task)
[2019-08-04 06:05:03,003: INFO/MainProcess] Scheduler: Sending due task task1 (course-task)
[2019-08-04 06:05:08,004: INFO/MainProcess] Scheduler: Sending due task task1 (course-task)
[2019-08-04 06:05:13,004: INFO/MainProcess] Scheduler: Sending due task task1 (course-task)
[2019-08-04 06:05:18,004: INFO/MainProcess] Scheduler: Sending due task task1 (course-task)
[2019-08-04 06:05:23,004: INFO/MainProcess] Scheduler: Sending due task task1 (course-task)
[2019-08-04 06:05:28,004: INFO/MainProcess] Scheduler: Sending due task task1 (course-task)
[2019-08-04 06:05:33,005: INFO/MainProcess] Scheduler: Sending due task task1 (course-task)
[2019-08-04 06:05:38,005: INFO/MainProcess] Scheduler: Sending due task task1 (course-task)
[2019-08-04 06:05:43,005: INFO/MainProcess] Scheduler: Sending due task task1 (course-task)
[2019-08-04 06:05:48,009: INFO/MainProcess] Scheduler: Sending due task task1 (course-task)
[2019-08-04 06:05:53,009: INFO/MainProcess] Scheduler: Sending due task task1 (course-task)
[2019-08-04 06:05:58,009: INFO/MainProcess] Scheduler: Sending due task task1 (course-task)
[2019-08-04 06:06:03,010: INFO/MainProcess] Scheduler: Sending due task task1 (course-task)
[2019-08-04 06:06:08,010: INFO/MainProcess] Scheduler: Sending due task task1 (course-task)
[2019-08-04 06:06:13,010: INFO/MainProcess] Scheduler: Sending due task task1 (course-task)
[2019-08-04 06:06:18,011: INFO/MainProcess] Scheduler: Sending due task task1 (course-task)
[2019-08-04 06:06:23,011: INFO/MainProcess] Scheduler: Sending due task task1 (course-task)
[2019-08-04 06:06:28,011: INFO/MainProcess] Scheduler: Sending due task task1 (course-task)
[2019-08-04 06:06:33,011: INFO/MainProcess] Scheduler: Sending due task task1 (course-task)
[2019-08-04 06:06:38,012: INFO/MainProcess] Scheduler: Sending due task task1 (course-task)
[2019-08-04 06:06:43,013: INFO/MainProcess] Scheduler: Sending due task task1 (course-task)
[2019-08-04 06:06:48,014: INFO/MainProcess] Scheduler: Sending due task task1 (course-task)
[2019-08-04 06:06:53,014: INFO/MainProcess] Scheduler: Sending due task task1 (course-task)
[2019-08-04 06:06:58,014: INFO/MainProcess] Scheduler: Sending due task task1 (course-task)
[2019-08-04 06:07:03,014: INFO/MainProcess] Scheduler: Sending due task task1 (course-task)
[2019-08-04 06:07:08,015: INFO/MainProcess] Scheduler: Sending due task task1 (course-task)
[2019-08-04 06:07:13,016: INFO/MainProcess] Scheduler: Sending due task task1 (course-task)
[2019-08-04 06:07:18,016: INFO/MainProcess] Scheduler: Sending due task task1 (course-task)
[2019-08-04 06:07:23,017: INFO/MainProcess] Scheduler: Sending due task task1 (course-task)
[2019-08-04 06:07:28,018: INFO/MainProcess] Scheduler: Sending due task task1 (course-task)
[2019-08-04 06:07:33,018: INFO/MainProcess] Scheduler: Sending due task task1 (course-task)
[2019-08-04 06:07:38,018: INFO/MainProcess] Scheduler: Sending due task task1 (course-task)
[2019-08-04 06:07:43,019: INFO/MainProcess] Scheduler: Sending due task task1 (course-task)
[2019-08-04 06:07:48,019: INFO/MainProcess] Scheduler: Sending due task task1 (course-task)
[2019-08-04 06:07:53,019: INFO/MainProcess] Scheduler: Sending due task task1 (course-task)
[2019-08-04 06:07:58,019: INFO/MainProcess] Scheduler: Sending due task task1 (course-task)
[2019-08-04 06:08:03,019: INFO/MainProcess] Scheduler: Sending due task task1 (course-task)
[2019-08-04 06:08:08,020: INFO/MainProcess] Scheduler: Sending due task task1 (course-task)
[2019-08-04 06:08:13,020: INFO/MainProcess] Scheduler: Sending due task task1 (course-task)
[2019-08-04 06:08:18,020: INFO/MainProcess] Scheduler: Sending due task task1 (course-task)
[2019-08-04 06:08:23,020: INFO/MainProcess] Scheduler: Sending due task task1 (course-task)
[2019-08-04 06:08:28,020: INFO/MainProcess] Scheduler: Sending due task task1 (course-task)
[2019-08-04 06:08:33,021: INFO/MainProcess] Scheduler: Sending due task task1 (course-task)
[2019-08-04 06:08:38,021: INFO/MainProcess] Scheduler: Sending due task task1 (course-task)
[2019-08-04 06:08:43,021: INFO/MainProcess] Scheduler: Sending due task task1 (course-task)
[2019-08-04 06:08:48,022: INFO/MainProcess] Scheduler: Sending due task task1 (course-task)
[2019-08-04 06:08:53,022: INFO/MainProcess] Scheduler: Sending due task task1 (course-task)
[2019-08-04 06:08:58,022: INFO/MainProcess] Scheduler: Sending due task task1 (course-task)
[2019-08-04 06:09:03,022: INFO/MainProcess] Scheduler: Sending due task task1 (course-task)
[2019-08-04 06:09:08,023: INFO/MainProcess] Scheduler: Sending due task task1 (course-task)
[2019-08-04 06:09:13,023: INFO/MainProcess] Scheduler: Sending due task task1 (course-task)
[2019-08-04 06:09:18,024: INFO/MainProcess] Scheduler: Sending due task task1 (course-task)
[2019-08-04 06:09:23,024: INFO/MainProcess] Scheduler: Sending due task task1 (course-task)
[2019-08-04 06:09:28,024: INFO/MainProcess] Scheduler: Sending due task task1 (course-task)
[2019-08-04 06:09:33,025: INFO/MainProcess] Scheduler: Sending due task task1 (course-task)
[2019-08-04 06:09:38,025: INFO/MainProcess] Scheduler: Sending due task task1 (course-task)
[2019-08-04 06:09:43,025: INFO/MainProcess] Scheduler: Sending due task task1 (course-task)
[2019-08-04 06:09:48,025: INFO/MainProcess] Scheduler: Sending due task task1 (course-task)
[2019-08-04 06:09:53,026: INFO/MainProcess] Scheduler: Sending due task task1 (course-task)
[2019-08-04 06:09:58,026: INFO/MainProcess] Scheduler: Sending due task task1 (course-task)
[2019-08-04 06:10:03,026: INFO/MainProcess] Scheduler: Sending due task task1 (course-task)
[2019-08-04 06:10:08,026: INFO/MainProcess] Scheduler: Sending due task task1 (course-task)
[2019-08-04 06:10:13,027: INFO/MainProcess] Scheduler: Sending due task task1 (course-task)
[2019-08-04 06:10:18,027: INFO/MainProcess] Scheduler: Sending due task task1 (course-task)
[2019-08-04 06:10:23,027: INFO/MainProcess] Scheduler: Sending due task task1 (course-task)
[2019-08-04 06:10:28,027: INFO/MainProcess] Scheduler: Sending due task task1 (course-task)
[2019-08-04 06:10:33,027: INFO/MainProcess] Scheduler: Sending due task task1 (course-task)
[2019-08-04 06:10:38,028: INFO/MainProcess] Scheduler: Sending due task task1 (course-task)
[2019-08-04 06:10:43,028: INFO/MainProcess] Scheduler: Sending due task task1 (course-task)
[2019-08-04 06:10:48,029: INFO/MainProcess] Scheduler: Sending due task task1 (course-task)
[2019-08-04 06:10:53,029: INFO/MainProcess] Scheduler: Sending due task task1 (course-task)
[2019-08-04 06:10:58,029: INFO/MainProcess] Scheduler: Sending due task task1 (course-task)
[2019-08-04 06:11:03,030: INFO/MainProcess] Scheduler: Sending due task task1 (course-task)
[2019-08-04 06:11:08,030: INFO/MainProcess] Scheduler: Sending due task task1 (course-task)
[2019-08-04 06:11:13,030: INFO/MainProcess] Scheduler: Sending due task task1 (course-task)
[2019-08-04 06:11:18,030: INFO/MainProcess] Scheduler: Sending due task task1 (course-task)
[2019-08-04 06:11:23,030: INFO/MainProcess] Scheduler: Sending due task task1 (course-task)
[2019-08-04 06:11:28,031: INFO/MainProcess] Scheduler: Sending due task task1 (course-task)
[2019-08-04 06:11:33,031: INFO/MainProcess] Scheduler: Sending due task task1 (course-task)
[2019-08-04 06:11:38,031: INFO/MainProcess] Scheduler: Sending due task task1 (course-task)
[2019-08-04 06:11:43,031: INFO/MainProcess] Scheduler: Sending due task task1 (course-task)
[2019-08-04 06:11:48,032: INFO/MainProcess] Scheduler: Sending due task task1 (course-task)
[2019-08-04 06:11:53,032: INFO/MainProcess] Scheduler: Sending due task task1 (course-task)
[2019-08-04 06:11:58,032: INFO/MainProcess] Scheduler: Sending due task task1 (course-task)
[2019-08-04 06:12:03,032: INFO/MainProcess] Scheduler: Sending due task task1 (course-task)
celery beat v3.1.26.post2 (Cipater) is starting.
__    -    ... __   -        _
Configuration ->
    . broker -> redis://127.0.0.1:6379/1
    . loader -> djcelery.loaders.DjangoLoader
    . scheduler -> celery.beat.PersistentScheduler
    . db -> celerybeat-schedule
    . logfile -> [stderr]@%INFO
    . maxinterval -> now (0s)
[2019-08-04 06:12:08,442: INFO/MainProcess] beat: Starting...
[2019-08-04 06:12:08,461: INFO/MainProcess] Scheduler: Sending due task task1 (course-task)
[2019-08-04 06:12:13,462: INFO/MainProcess] Scheduler: Sending due task task1 (course-task)
[2019-08-04 06:12:18,463: INFO/MainProcess] Scheduler: Sending due task task1 (course-task)
[2019-08-04 06:12:23,463: INFO/MainProcess] Scheduler: Sending due task task1 (course-task)
[2019-08-04 06:12:28,463: INFO/MainProcess] Scheduler: Sending due task task1 (course-task)
[2019-08-04 06:12:33,464: INFO/MainProcess] Scheduler: Sending due task task1 (course-task)
[2019-08-04 06:12:38,464: INFO/MainProcess] Scheduler: Sending due task task1 (course-task)
[2019-08-04 06:12:43,464: INFO/MainProcess] Scheduler: Sending due task task1 (course-task)
[2019-08-04 06:12:48,464: INFO/MainProcess] Scheduler: Sending due task task1 (course-task)
[2019-08-04 06:12:53,465: INFO/MainProcess] Scheduler: Sending due task task1 (course-task)
[2019-08-04 06:12:58,465: INFO/MainProcess] Scheduler: Sending due task task1 (course-task)
[2019-08-04 06:13:03,465: INFO/MainProcess] Scheduler: Sending due task task1 (course-task)
[2019-08-04 06:13:08,465: INFO/MainProcess] Scheduler: Sending due task task1 (course-task)
[2019-08-04 06:13:13,465: INFO/MainProcess] Scheduler: Sending due task task1 (course-task)
[2019-08-04 06:13:18,466: INFO/MainProcess] Scheduler: Sending due task task1 (course-task)
[2019-08-04 06:13:23,466: INFO/MainProcess] Scheduler: Sending due task task1 (course-task)
[2019-08-04 06:13:28,466: INFO/MainProcess] Scheduler: Sending due task task1 (course-task)
[2019-08-04 06:13:33,466: INFO/MainProcess] Scheduler: Sending due task task1 (course-task)
[2019-08-04 06:13:38,467: INFO/MainProcess] Scheduler: Sending due task task1 (course-task)
[2019-08-04 06:13:43,468: INFO/MainProcess] Scheduler: Sending due task task1 (course-task)
[2019-08-04 06:13:48,468: INFO/MainProcess] Scheduler: Sending due task task1 (course-task)
[2019-08-04 06:13:53,468: INFO/MainProcess] Scheduler: Sending due task task1 (course-task)
[2019-08-04 06:13:58,468: INFO/MainProcess] Scheduler: Sending due task task1 (course-task)
[2019-08-04 06:14:03,469: INFO/MainProcess] Scheduler: Sending due task task1 (course-task)
[2019-08-04 06:14:08,469: INFO/MainProcess] Scheduler: Sending due task task1 (course-task)
[2019-08-04 06:14:13,469: INFO/MainProcess] Scheduler: Sending due task task1 (course-task)
[2019-08-04 06:14:18,469: INFO/MainProcess] Scheduler: Sending due task task1 (course-task)
celery beat v3.1.26.post2 (Cipater) is starting.
__    -    ... __   -        _
Configuration ->
    . broker -> redis://127.0.0.1:6379/1
    . loader -> djcelery.loaders.DjangoLoader
    . scheduler -> celery.beat.PersistentScheduler
    . db -> celerybeat-schedule
    . logfile -> [stderr]@%INFO
    . maxinterval -> now (0s)
[2019-08-04 06:14:22,853: INFO/MainProcess] beat: Starting...
[2019-08-04 06:14:23,470: INFO/MainProcess] Scheduler: Sending due task task1 (course-task)
[2019-08-04 06:14:28,470: INFO/MainProcess] Scheduler: Sending due task task1 (course-task)
[2019-08-04 06:14:33,470: INFO/MainProcess] Scheduler: Sending due task task1 (course-task)
[2019-08-04 06:14:38,470: INFO/MainProcess] Scheduler: Sending due task task1 (course-task)
[2019-08-04 06:14:43,471: INFO/MainProcess] Scheduler: Sending due task task1 (course-task)
[2019-08-04 06:14:48,471: INFO/MainProcess] Scheduler: Sending due task task1 (course-task)
[2019-08-04 06:14:53,471: INFO/MainProcess] Scheduler: Sending due task task1 (course-task)
[2019-08-04 06:14:58,471: INFO/MainProcess] Scheduler: Sending due task task1 (course-task)
[2019-08-04 06:15:03,472: INFO/MainProcess] Scheduler: Sending due task task1 (course-task)
[2019-08-04 06:15:08,472: INFO/MainProcess] Scheduler: Sending due task task1 (course-task)
[2019-08-04 06:15:13,472: INFO/MainProcess] Scheduler: Sending due task task1 (course-task)
[2019-08-04 06:15:18,473: INFO/MainProcess] Scheduler: Sending due task task1 (course-task)
[2019-08-04 06:15:23,473: INFO/MainProcess] Scheduler: Sending due task task1 (course-task)
[2019-08-04 06:15:28,473: INFO/MainProcess] Scheduler: Sending due task task1 (course-task)
[2019-08-04 06:15:33,474: INFO/MainProcess] Scheduler: Sending due task task1 (course-task)
[2019-08-04 06:15:38,474: INFO/MainProcess] Scheduler: Sending due task task1 (course-task)
[2019-08-04 06:15:43,474: INFO/MainProcess] Scheduler: Sending due task task1 (course-task)
[2019-08-04 06:15:48,474: INFO/MainProcess] Scheduler: Sending due task task1 (course-task)
[2019-08-04 06:15:53,475: INFO/MainProcess] Scheduler: Sending due task task1 (course-task)
[2019-08-04 06:15:58,475: INFO/MainProcess] Scheduler: Sending due task task1 (course-task)
[2019-08-04 06:16:03,475: INFO/MainProcess] Scheduler: Sending due task task1 (course-task)
[2019-08-04 06:16:08,475: INFO/MainProcess] Scheduler: Sending due task task1 (course-task)
[2019-08-04 06:16:13,476: INFO/MainProcess] Scheduler: Sending due task task1 (course-task)
[2019-08-04 06:16:18,476: INFO/MainProcess] Scheduler: Sending due task task1 (course-task)
celery beat v3.1.26.post2 (Cipater) is starting.
__    -    ... __   -        _
Configuration ->
    . broker -> redis://127.0.0.1:6379/1
    . loader -> djcelery.loaders.DjangoLoader
    . scheduler -> celery.beat.PersistentScheduler
    . db -> celerybeat-schedule
    . logfile -> [stderr]@%INFO
    . maxinterval -> now (0s)
